2025-09-25 17:15:11,243:WARNING:
'cuml' is a soft dependency and not included in the pycaret installation. Please run: `pip install cuml` to install.
2025-09-25 17:15:11,243:WARNING:
'cuml' is a soft dependency and not included in the pycaret installation. Please run: `pip install cuml` to install.
2025-09-25 17:15:11,243:WARNING:
'cuml' is a soft dependency and not included in the pycaret installation. Please run: `pip install cuml` to install.
2025-09-25 17:15:11,243:WARNING:
'cuml' is a soft dependency and not included in the pycaret installation. Please run: `pip install cuml` to install.
2025-09-25 17:17:09,334:INFO:PyCaret ClassificationExperiment
2025-09-25 17:17:09,334:INFO:Logging name: clf-default-name
2025-09-25 17:17:09,335:INFO:ML Usecase: MLUsecase.CLASSIFICATION
2025-09-25 17:17:09,335:INFO:version 3.3.2
2025-09-25 17:17:09,335:INFO:Initializing setup()
2025-09-25 17:17:09,335:INFO:self.USI: 52f3
2025-09-25 17:17:09,335:INFO:self._variable_keys: {'seed', 'pipeline', '_ml_usecase', 'fold_shuffle_param', 'y_train', 'X_test', 'data', 'USI', 'X_train', 'logging_param', 'idx', '_available_plots', 'n_jobs_param', 'gpu_param', 'exp_name_log', 'y_test', 'y', 'html_param', 'memory', 'log_plots_param', 'fold_generator', 'X', 'is_multiclass', 'fix_imbalance', 'exp_id', 'target_param', 'gpu_n_jobs_param', 'fold_groups_param'}
2025-09-25 17:17:09,335:INFO:Checking environment
2025-09-25 17:17:09,335:INFO:python_version: 3.9.6
2025-09-25 17:17:09,335:INFO:python_build: ('default', 'Apr 30 2025 02:07:17')
2025-09-25 17:17:09,335:INFO:machine: arm64
2025-09-25 17:17:09,335:INFO:platform: macOS-15.6.1-arm64-arm-64bit
2025-09-25 17:17:09,335:INFO:Memory: svmem(total=51539607552, available=21854617600, percent=57.6, used=25134432256, free=426819584, active=21415084032, inactive=21084585984, wired=3719348224)
2025-09-25 17:17:09,335:INFO:Physical Core: 16
2025-09-25 17:17:09,335:INFO:Logical Core: 16
2025-09-25 17:17:09,335:INFO:Checking libraries
2025-09-25 17:17:09,335:INFO:System:
2025-09-25 17:17:09,335:INFO:    python: 3.9.6 (default, Apr 30 2025, 02:07:17)  [Clang 17.0.0 (clang-1700.0.13.5)]
2025-09-25 17:17:09,335:INFO:executable: /Library/Developer/CommandLineTools/usr/bin/python3
2025-09-25 17:17:09,335:INFO:   machine: macOS-15.6.1-arm64-arm-64bit
2025-09-25 17:17:09,335:INFO:PyCaret required dependencies:
